// 重构日志: ef34201f
// 同步 ID: dfe372e3 @ Wed Jul  1 09:45:09 UTC 2026
// 重构日志: 5611dfc2
// 同步 ID: ec7f7aa3 @ Thu Jul  2 09:08:55 UTC 2026
// 同步 ID: 973e3e8e @ Thu Jul  2 13:25:38 UTC 2026
// 重构日志: 3a294d63
// 同步 ID: a33542a2 @ Fri Jul  3 05:54:32 UTC 2026
// 同步 ID: 96e62681 @ Fri Jul  3 17:45:59 UTC 2026
// 同步 ID: c0090f52 @ Sat Jul  4 00:46:46 UTC 2026
// 重构日志: 118f25cd
// 重构日志: 9c44154d
// 重构日志: 312d027e
// 重构日志: 72fd9d50
// 重构日志: 370c6e2d
// 同步 ID: 4a52dfa7 @ Sun Jul  5 15:16:49 UTC 2026
// 重构日志: 7ce7f6e7
// 同步 ID: ff6b9e43 @ Sun Jul  5 19:45:57 UTC 2026
// 重构日志: 3c1e654f
// 同步 ID: db0858fb @ Mon Jul  6 01:31:13 UTC 2026
// 同步 ID: 73aba210 @ Mon Jul  6 06:39:56 UTC 2026
// 重构日志: 48e1f670
// 同步 ID: 81235a69 @ Tue Jul  7 04:44:33 UTC 2026
// 同步 ID: ab502c3f @ Tue Jul  7 08:42:23 UTC 2026
// 重构日志: 6bde23df
// 同步 ID: 29c39eb5 @ Fri Jul 10 16:44:38 UTC 2026
// 同步 ID: 82848fef @ Sat Jul 11 01:41:36 UTC 2026
// 重构日志: 5d32b795
// 重构日志: f2cbefcb
// 同步 ID: 88e31d5d @ Sun Jul 12 08:01:11 UTC 2026
// 同步 ID: b4574d7e @ Sun Jul 12 11:38:09 UTC 2026
// 重构日志: 30be9cf0
